#
# A fatal error has been detected by the Java Runtime Environment:
#
#  EXCEPTION_ACCESS_VIOLATION (0xc0000005) at pc=0x0000000064cd3c8c, pid=8820, tid=13608
#
# JRE version: Java(TM) SE Runtime Environment (9.0+11) (build 9.0.4+11)
# Java VM: Java HotSpot(TM) 64-Bit Server VM (9.0.4+11, mixed mode, tiered, compressed oops, g1 gc, windows-amd64)
# Problematic frame:
# V  [jvm.dll+0x2f3c8c]
#
# No core dump will be written. Minidumps are not enabled by default on client versions of Windows
#
# If you would like to submit a bug report, please visit:
#   http://bugreport.java.com/bugreport/crash.jsp
#

---------------  S U M M A R Y ------------

Command Line: -agentlib:jdwp=transport=dt_socket,address=127.0.0.1:60176,suspend=y,server=n -Dfile.encoding=UTF-8 CollectData

Host: Intel(R) Core(TM) i7-8550U CPU @ 1.80GHz, 8 cores, 15G,  Windows 10 , 64 bit Build 16299 (10.0.16299.15)
Time: Tue Feb 06 16:58:18 2018 Pacific Standard Time elapsed time: 239 seconds (0d 0h 3m 59s)

---------------  T H R E A D  ---------------

Current thread (0x000001e0b87b1800):  VMThread "VM Thread" [stack: 0x0000000986800000,0x0000000986900000] [id=13608]

Stack: [0x0000000986800000,0x0000000986900000],  sp=0x00000009868ff290,  free space=1020k
Native frames: (J=compiled Java code, j=interpreted, Vv=VM code, C=native code)
V  [jvm.dll+0x2f3c8c]
V  [jvm.dll+0x2f602b]
V  [jvm.dll+0x2f666e]
V  [jvm.dll+0x2f3e55]
V  [jvm.dll+0x2f3293]
V  [jvm.dll+0x5784ff]
V  [jvm.dll+0x57880c]
V  [jvm.dll+0x5786b3]
V  [jvm.dll+0x578eac]
V  [jvm.dll+0x5470aa]
V  [jvm.dll+0x465311]
V  [jvm.dll+0x6a366b]
V  [jvm.dll+0x6a1e05]
V  [jvm.dll+0x6a25e1]
V  [jvm.dll+0x6a28cc]
V  [jvm.dll+0x586490]
C  [msvcr120.dll+0x24f7f]
C  [msvcr120.dll+0x25126]
C  [KERNEL32.DLL+0x11fe4]
C  [ntdll.dll+0x6efb1]


siginfo: EXCEPTION_ACCESS_VIOLATION (0xc0000005), reading address 0x0000000000000006


Register to memory mapping:

RIP=0x0000000064cd3c8c jvm.dll
RAX=0x0000000000000000 is an unknown value
RBX=0x000001e0b8dce720 is pointing into metadata
RCX=0x0000000000000000 is an unknown value
RDX=0x000000000000c000 is an unknown value
RSP=0x00000009868ff290 is an unknown value
RBP=0x0000000000000001 is an unknown value
RSI=0x00000000653376d8 jvm.dll
RDI=0x00000009868ff540 is an unknown value
R8 =0x0000000000000000 is an unknown value
R9 =0x000001e0b8dce720 is pointing into metadata
R10=0x00000009868ff2c0 is an unknown value
R11=0x00000009868ff2f0 is an unknown value
R12=0x00000009868ff701 is an unknown value
R13=0x0000000000000000 is an unknown value
R14=0x0000000000000000 is an unknown value
R15=0x0000000000000280 is an unknown value


Registers:
RAX=0x0000000000000000, RBX=0x000001e0b8dce720, RCX=0x0000000000000000, RDX=0x000000000000c000
RSP=0x00000009868ff290, RBP=0x0000000000000001, RSI=0x00000000653376d8, RDI=0x00000009868ff540
R8 =0x0000000000000000, R9 =0x000001e0b8dce720, R10=0x00000009868ff2c0, R11=0x00000009868ff2f0
R12=0x00000009868ff701, R13=0x0000000000000000, R14=0x0000000000000000, R15=0x0000000000000280
RIP=0x0000000064cd3c8c, EFLAGS=0x0000000000010202

Top of Stack: (sp=0x00000009868ff290)
0x00000009868ff290:   0000000000000015 0000000064cd75ed
0x00000009868ff2a0:   00000009868ff540 0000000064cd72b5
0x00000009868ff2b0:   000000004fffffff 000001e000000000
0x00000009868ff2c0:   0000000046000139 0000000064cd782f
0x00000009868ff2d0:   00008607e6f8c845 0000000064cd6a30
0x00000009868ff2e0:   0000000000000010 00000009868ff380
0x00000009868ff2f0:   00000009868ff540 0000000064cd602b
0x00000009868ff300:   00000009868ff540 0000000000000140
0x00000009868ff310:   00000009868ff3b0 00000009868ff540
0x00000009868ff320:   0000000000000140 000000000000000f
0x00000009868ff330:   0000000000000280 0000000000000149
0x00000009868ff340:   000001e0bb2e7720 0000000064cd666e
0x00000009868ff350:   00000009868ff540 00000009868ff3b0
0x00000009868ff360:   0000000000000010 000001e0bb2e7720
0x00000009868ff370:   0000000000006000 0000000064cd8571
0x00000009868ff380:   000001e0b8dcf1c0 000001e0b87b1800 

Instructions: (pc=0x0000000064cd3c8c)
0x0000000064cd3c6c:   8b cb e8 ad 3d f2 ff 48 8b cb 8b d0 e8 a3 5f f2
0x0000000064cd3c7c:   ff 48 8d 35 54 3a 66 00 48 63 c8 48 8b 44 cb 48
0x0000000064cd3c8c:   0f b6 48 06 8b 05 3e 3a 66 00 80 f9 4c 74 2b 80
0x0000000064cd3c9c:   f9 5b 74 26 80 f9 4a 74 18 80 f9 44 74 13 48 8d 


VM_Operation (0x00000009873ff300): GetOrSetLocal, mode: safepoint, requested by thread 0x000001e0b9283800


---------------  P R O C E S S  ---------------

Java Threads: ( => current thread )
  0x000001e0b92a7000 JavaThread "Service Thread" daemon [_thread_blocked, id=9208, stack(0x0000000987600000,0x0000000987700000)]
  0x000001e0b9290800 JavaThread "JDWP Command Reader" daemon [_thread_in_native, id=7084, stack(0x0000000987500000,0x0000000987600000)]
  0x000001e0b9284000 JavaThread "JDWP Event Helper Thread" daemon [_thread_blocked, id=14120, stack(0x0000000987400000,0x0000000987500000)]
  0x000001e0b9283800 JavaThread "JDWP Transport Listener: dt_socket" daemon [_thread_blocked, id=3428, stack(0x0000000987300000,0x0000000987400000)]
  0x000001e0b90ca000 JavaThread "Common-Cleaner" daemon [_thread_blocked, id=8364, stack(0x0000000987200000,0x0000000987300000)]
  0x000001e0b902c000 JavaThread "Sweeper thread" daemon [_thread_blocked, id=8604, stack(0x0000000987100000,0x0000000987200000)]
  0x000001e0b9018000 JavaThread "C1 CompilerThread3" daemon [_thread_blocked, id=2284, stack(0x0000000987000000,0x0000000987100000)]
  0x000001e0b9015800 JavaThread "C2 CompilerThread2" daemon [_thread_blocked, id=4436, stack(0x0000000986f00000,0x0000000987000000)]
  0x000001e0b9014800 JavaThread "C2 CompilerThread1" daemon [_thread_blocked, id=8660, stack(0x0000000986e00000,0x0000000986f00000)]
  0x000001e0b9014000 JavaThread "C2 CompilerThread0" daemon [_thread_blocked, id=13760, stack(0x0000000986d00000,0x0000000986e00000)]
  0x000001e0b9011000 JavaThread "Attach Listener" daemon [_thread_blocked, id=944, stack(0x0000000986c00000,0x0000000986d00000)]
  0x000001e0b9010800 JavaThread "Signal Dispatcher" daemon [_thread_blocked, id=6684, stack(0x0000000986b00000,0x0000000986c00000)]
  0x000001e0b87b9800 JavaThread "Finalizer" daemon [_thread_blocked, id=8560, stack(0x0000000986a00000,0x0000000986b00000)]
  0x000001e0b87b7800 JavaThread "Reference Handler" daemon [_thread_blocked, id=9528, stack(0x0000000986900000,0x0000000986a00000)]
  0x000001e0902cf000 JavaThread "main" [_thread_blocked, id=4408, stack(0x0000000985300000,0x0000000985400000)]

Other Threads:
=>0x000001e0b87b1800 VMThread "VM Thread" [stack: 0x0000000986800000,0x0000000986900000] [id=13608]
  0x000001e0b92a4000 WatcherThread [stack: 0x0000000987700000,0x0000000987800000] [id=2256]
  0x000001e0902e7000 GCTaskThread "GC Thread#0" [stack: 0x0000000985400000,0x0000000985500000] [id=13288]
  0x000001e0902e8000 GCTaskThread "GC Thread#1" [stack: 0x0000000985500000,0x0000000985600000] [id=4876]
  0x000001e0902ea000 GCTaskThread "GC Thread#2" [stack: 0x0000000985600000,0x0000000985700000] [id=13096]
  0x000001e0902ec000 GCTaskThread "GC Thread#3" [stack: 0x0000000985700000,0x0000000985800000] [id=9776]
  0x000001e0902f3800 GCTaskThread "GC Thread#4" [stack: 0x0000000985800000,0x0000000985900000] [id=9720]
  0x000001e0902f8800 GCTaskThread "GC Thread#5" [stack: 0x0000000985900000,0x0000000985a00000] [id=10384]
  0x000001e0902fd800 GCTaskThread "GC Thread#6" [stack: 0x0000000985a00000,0x0000000985b00000] [id=12396]
  0x000001e0902f9800 GCTaskThread "GC Thread#7" [stack: 0x0000000985b00000,0x0000000985c00000] [id=7424]
  0x000001e09037c000 ConcurrentGCThread "G1 Main Marker" [stack: 0x0000000986500000,0x0000000986600000] [id=14868]
  0x000001e0902fa000 ConcurrentGCThread "G1 Marker#0" [stack: 0x0000000986600000,0x0000000986700000] [id=6692]
  0x000001e0902fa800 ConcurrentGCThread "G1 Marker#1" [stack: 0x0000000986700000,0x0000000986800000] [id=7040]
  0x000001e090324800 ConcurrentGCThread "G1 Refine#0" [stack: 0x0000000986300000,0x0000000986400000] [id=9664]
  0x000001e09031f800 ConcurrentGCThread "G1 Refine#1" [stack: 0x0000000986200000,0x0000000986300000] [id=12936]
  0x000001e090316000 ConcurrentGCThread "G1 Refine#2" [stack: 0x0000000986100000,0x0000000986200000] [id=1840]
  0x000001e090315000 ConcurrentGCThread "G1 Refine#3" [stack: 0x0000000986000000,0x0000000986100000] [id=10780]
  0x000001e090314800 ConcurrentGCThread "G1 Refine#4" [stack: 0x0000000985f00000,0x0000000986000000] [id=3132]
  0x000001e090312000 ConcurrentGCThread "G1 Refine#5" [stack: 0x0000000985e00000,0x0000000985f00000] [id=1868]
  0x000001e09030f000 ConcurrentGCThread "G1 Refine#6" [stack: 0x0000000985d00000,0x0000000985e00000] [id=2412]
  0x000001e090308800 ConcurrentGCThread "G1 Refine#7" [stack: 0x0000000985c00000,0x0000000985d00000] [id=4780]
  0x000001e09032b800 ConcurrentGCThread "G1 Young RemSet Sampling" [stack: 0x0000000986400000,0x0000000986500000] [id=13532]

Threads with active compile tasks:

VM state:at safepoint (normal execution)

VM Mutex/Monitor currently owned by a thread:  ([mutex/lock_event])
[0x000001e0902ccfd0] Threads_lock - owner thread: 0x000001e0b87b1800

Heap address: 0x00000006c2200000, size: 4062 MB, Compressed Oops mode: Zero based, Oop shift amount: 3
Narrow klass base: 0x0000000000000000, Narrow klass shift: 3
Compressed class space size: 1073741824 Address: 0x00000007c0000000

Heap:
 garbage-first heap   total 260096K, used 11445K [0x00000006c2200000, 0x00000006c23007f0, 0x00000007c0000000)
  region size 1024K, 12 young (12288K), 3 survivors (3072K)
 Metaspace       used 7130K, capacity 7512K, committed 7680K, reserved 1056768K
  class space    used 645K, capacity 709K, committed 768K, reserved 1048576K
Heap Regions: E=young(eden), S=young(survivor), O=old, HS=humongous(starts), HC=humongous(continues), CS=collection set, F=free, A=archive, TS=gc time stamp, AC=allocation context, TAMS=top-at-mark-start (previous, next)
|   0|0x00000006c2200000, 0x00000006c222d600, 0x00000006c2300000| 17%| O|  |TS  1|AC  0|TAMS 0x00000006c2200000, 0x00000006c2200000|
|   1|0x00000006c2300000, 0x00000006c2300000, 0x00000006c2400000|  0%| F|  |TS  0|AC  0|TAMS 0x00000006c2300000, 0x00000006c2300000|
|   2|0x00000006c2400000, 0x00000006c2400000, 0x00000006c2500000|  0%| F|  |TS  0|AC  0|TAMS 0x00000006c2400000, 0x00000006c2400000|
|   3|0x00000006c2500000, 0x00000006c2500000, 0x00000006c2600000|  0%| F|  |TS  0|AC  0|TAMS 0x00000006c2500000, 0x00000006c2500000|
|   4|0x00000006c2600000, 0x00000006c2600000, 0x00000006c2700000|  0%| F|  |TS  0|AC  0|TAMS 0x00000006c2600000, 0x00000006c2600000|
|   5|0x00000006c2700000, 0x00000006c2700000, 0x00000006c2800000|  0%| F|  |TS  0|AC  0|TAMS 0x00000006c2700000, 0x00000006c2700000|
|   6|0x00000006c2800000, 0x00000006c2800000, 0x00000006c2900000|  0%| F|  |TS  0|AC  0|TAMS 0x00000006c2800000, 0x00000006c2800000|
|   7|0x00000006c2900000, 0x00000006c2900000, 0x00000006c2a00000|  0%| F|  |TS  0|AC  0|TAMS 0x00000006c2900000, 0x00000006c2900000|
|   8|0x00000006c2a00000, 0x00000006c2a00000, 0x00000006c2b00000|  0%| F|  |TS  0|AC  0|TAMS 0x00000006c2a00000, 0x00000006c2a00000|
|   9|0x00000006c2b00000, 0x00000006c2b00000, 0x00000006c2c00000|  0%| F|  |TS  0|AC  0|TAMS 0x00000006c2b00000, 0x00000006c2b00000|
|  10|0x00000006c2c00000, 0x00000006c2c00000, 0x00000006c2d00000|  0%| F|  |TS  0|AC  0|TAMS 0x00000006c2c00000, 0x00000006c2c00000|
|  11|0x00000006c2d00000, 0x00000006c2d00000, 0x00000006c2e00000|  0%| F|  |TS  0|AC  0|TAMS 0x00000006c2d00000, 0x00000006c2d00000|
|  12|0x00000006c2e00000, 0x00000006c2e00000, 0x00000006c2f00000|  0%| F|  |TS  0|AC  0|TAMS 0x00000006c2e00000, 0x00000006c2e00000|
|  13|0x00000006c2f00000, 0x00000006c2f00000, 0x00000006c3000000|  0%| F|  |TS  0|AC  0|TAMS 0x00000006c2f00000, 0x00000006c2f00000|
|  14|0x00000006c3000000, 0x00000006c3000000, 0x00000006c3100000|  0%| F|  |TS  0|AC  0|TAMS 0x00000006c3000000, 0x00000006c3000000|
|  15|0x00000006c3100000, 0x00000006c3100000, 0x00000006c3200000|  0%| F|  |TS  0|AC  0|TAMS 0x00000006c3100000, 0x00000006c3100000|
|  16|0x00000006c3200000, 0x00000006c3200000, 0x00000006c3300000|  0%| F|  |TS  0|AC  0|TAMS 0x00000006c3200000, 0x00000006c3200000|
|  17|0x00000006c3300000, 0x00000006c3300000, 0x00000006c3400000|  0%| F|  |TS  0|AC  0|TAMS 0x00000006c3300000, 0x00000006c3300000|
|  18|0x00000006c3400000, 0x00000006c3400000, 0x00000006c3500000|  0%| F|  |TS  0|AC  0|TAMS 0x00000006c3400000, 0x00000006c3400000|
|  19|0x00000006c3500000, 0x00000006c3500000, 0x00000006c3600000|  0%| F|  |TS  0|AC  0|TAMS 0x00000006c3500000, 0x00000006c3500000|
|  20|0x00000006c3600000, 0x00000006c3600000, 0x00000006c3700000|  0%| F|  |TS  0|AC  0|TAMS 0x00000006c3600000, 0x00000006c3600000|
|  21|0x00000006c3700000, 0x00000006c3700000, 0x00000006c3800000|  0%| F|  |TS  0|AC  0|TAMS 0x00000006c3700000, 0x00000006c3700000|
|  22|0x00000006c3800000, 0x00000006c3800000, 0x00000006c3900000|  0%| F|  |TS  0|AC  0|TAMS 0x00000006c3800000, 0x00000006c3800000|
|  23|0x00000006c3900000, 0x00000006c3900000, 0x00000006c3a00000|  0%| F|  |TS  0|AC  0|TAMS 0x00000006c3900000, 0x00000006c3900000|
|  24|0x00000006c3a00000, 0x00000006c3a00000, 0x00000006c3b00000|  0%| F|  |TS  0|AC  0|TAMS 0x00000006c3a00000, 0x00000006c3a00000|
|  25|0x00000006c3b00000, 0x00000006c3b00000, 0x00000006c3c00000|  0%| F|  |TS  0|AC  0|TAMS 0x00000006c3b00000, 0x00000006c3b00000|
|  26|0x00000006c3c00000, 0x00000006c3c00000, 0x00000006c3d00000|  0%| F|  |TS  0|AC  0|TAMS 0x00000006c3c00000, 0x00000006c3c00000|
|  27|0x00000006c3d00000, 0x00000006c3d00000, 0x00000006c3e00000|  0%| F|  |TS  0|AC  0|TAMS 0x00000006c3d00000, 0x00000006c3d00000|
|  28|0x00000006c3e00000, 0x00000006c3e00000, 0x00000006c3f00000|  0%| F|  |TS  0|AC  0|TAMS 0x00000006c3e00000, 0x00000006c3e00000|
|  29|0x00000006c3f00000, 0x00000006c3f00000, 0x00000006c4000000|  0%| F|  |TS  0|AC  0|TAMS 0x00000006c3f00000, 0x00000006c3f00000|
|  30|0x00000006c4000000, 0x00000006c4000000, 0x00000006c4100000|  0%| F|  |TS  0|AC  0|TAMS 0x00000006c4000000, 0x00000006c4000000|
|  31|0x00000006c4100000, 0x00000006c4100000, 0x00000006c4200000|  0%| F|  |TS  0|AC  0|TAMS 0x00000006c4100000, 0x00000006c4100000|
|  32|0x00000006c4200000, 0x00000006c4200000, 0x00000006c4300000|  0%| F|  |TS  0|AC  0|TAMS 0x00000006c4200000, 0x00000006c4200000|
|  33|0x00000006c4300000, 0x00000006c4300000, 0x00000006c4400000|  0%| F|  |TS  0|AC  0|TAMS 0x00000006c4300000, 0x00000006c4300000|
|  34|0x00000006c4400000, 0x00000006c4400000, 0x00000006c4500000|  0%| F|  |TS  0|AC  0|TAMS 0x00000006c4400000, 0x00000006c4400000|
|  35|0x00000006c4500000, 0x00000006c4500000, 0x00000006c4600000|  0%| F|  |TS  0|AC  0|TAMS 0x00000006c4500000, 0x00000006c4500000|
|  36|0x00000006c4600000, 0x00000006c4600000, 0x00000006c4700000|  0%| F|  |TS  0|AC  0|TAMS 0x00000006c4600000, 0x00000006c4600000|
|  37|0x00000006c4700000, 0x00000006c4700000, 0x00000006c4800000|  0%| F|  |TS  0|AC  0|TAMS 0x00000006c4700000, 0x00000006c4700000|
|  38|0x00000006c4800000, 0x00000006c4800000, 0x00000006c4900000|  0%| F|  |TS  0|AC  0|TAMS 0x00000006c4800000, 0x00000006c4800000|
|  39|0x00000006c4900000, 0x00000006c4900000, 0x00000006c4a00000|  0%| F|  |TS  0|AC  0|TAMS 0x00000006c4900000, 0x00000006c4900000|
|  40|0x00000006c4a00000, 0x00000006c4a00000, 0x00000006c4b00000|  0%| F|  |TS  0|AC  0|TAMS 0x00000006c4a00000, 0x00000006c4a00000|
|  41|0x00000006c4b00000, 0x00000006c4b00000, 0x00000006c4c00000|  0%| F|  |TS  0|AC  0|TAMS 0x00000006c4b00000, 0x00000006c4b00000|
|  42|0x00000006c4c00000, 0x00000006c4c00000, 0x00000006c4d00000|  0%| F|  |TS  0|AC  0|TAMS 0x00000006c4c00000, 0x00000006c4c00000|
|  43|0x00000006c4d00000, 0x00000006c4d00000, 0x00000006c4e00000|  0%| F|  |TS  0|AC  0|TAMS 0x00000006c4d00000, 0x00000006c4d00000|
|  44|0x00000006c4e00000, 0x00000006c4e00000, 0x00000006c4f00000|  0%| F|  |TS  0|AC  0|TAMS 0x00000006c4e00000, 0x00000006c4e00000|
|  45|0x00000006c4f00000, 0x00000006c4f00000, 0x00000006c5000000|  0%| F|  |TS  0|AC  0|TAMS 0x00000006c4f00000, 0x00000006c4f00000|
|  46|0x00000006c5000000, 0x00000006c5000000, 0x00000006c5100000|  0%| F|  |TS  0|AC  0|TAMS 0x00000006c5000000, 0x00000006c5000000|
|  47|0x00000006c5100000, 0x00000006c5100000, 0x00000006c5200000|  0%| F|  |TS  0|AC  0|TAMS 0x00000006c5100000, 0x00000006c5100000|
|  48|0x00000006c5200000, 0x00000006c5200000, 0x00000006c5300000|  0%| F|  |TS  0|AC  0|TAMS 0x00000006c5200000, 0x00000006c5200000|
|  49|0x00000006c5300000, 0x00000006c5300000, 0x00000006c5400000|  0%| F|  |TS  0|AC  0|TAMS 0x00000006c5300000, 0x00000006c5300000|
|  50|0x00000006c5400000, 0x00000006c5400000, 0x00000006c5500000|  0%| F|  |TS  0|AC  0|TAMS 0x00000006c5400000, 0x00000006c5400000|
|  51|0x00000006c5500000, 0x00000006c5500000, 0x00000006c5600000|  0%| F|  |TS  0|AC  0|TAMS 0x00000006c5500000, 0x00000006c5500000|
|  52|0x00000006c5600000, 0x00000006c5600000, 0x00000006c5700000|  0%| F|  |TS  0|AC  0|TAMS 0x00000006c5600000, 0x00000006c5600000|
|  53|0x00000006c5700000, 0x00000006c5700000, 0x00000006c5800000|  0%| F|  |TS  0|AC  0|TAMS 0x00000006c5700000, 0x00000006c5700000|
|  54|0x00000006c5800000, 0x00000006c5800000, 0x00000006c5900000|  0%| F|  |TS  0|AC  0|TAMS 0x00000006c5800000, 0x00000006c5800000|
|  55|0x00000006c5900000, 0x00000006c5900000, 0x00000006c5a00000|  0%| F|  |TS  0|AC  0|TAMS 0x00000006c5900000, 0x00000006c5900000|
|  56|0x00000006c5a00000, 0x00000006c5a00000, 0x00000006c5b00000|  0%| F|  |TS  0|AC  0|TAMS 0x00000006c5a00000, 0x00000006c5a00000|
|  57|0x00000006c5b00000, 0x00000006c5b00000, 0x00000006c5c00000|  0%| F|  |TS  0|AC  0|TAMS 0x00000006c5b00000, 0x00000006c5b00000|
|  58|0x00000006c5c00000, 0x00000006c5c00000, 0x00000006c5d00000|  0%| F|  |TS  0|AC  0|TAMS 0x00000006c5c00000, 0x00000006c5c00000|
|  59|0x00000006c5d00000, 0x00000006c5d00000, 0x00000006c5e00000|  0%| F|  |TS  0|AC  0|TAMS 0x00000006c5d00000, 0x00000006c5d00000|
|  60|0x00000006c5e00000, 0x00000006c5e00000, 0x00000006c5f00000|  0%| F|  |TS  0|AC  0|TAMS 0x00000006c5e00000, 0x00000006c5e00000|
|  61|0x00000006c5f00000, 0x00000006c5f00000, 0x00000006c6000000|  0%| F|  |TS  0|AC  0|TAMS 0x00000006c5f00000, 0x00000006c5f00000|
|  62|0x00000006c6000000, 0x00000006c6000000, 0x00000006c6100000|  0%| F|  |TS  0|AC  0|TAMS 0x00000006c6000000, 0x00000006c6000000|
|  63|0x00000006c6100000, 0x00000006c6100000, 0x00000006c6200000|  0%| F|  |TS  0|AC  0|TAMS 0x00000006c6100000, 0x00000006c6100000|
|  64|0x00000006c6200000, 0x00000006c6200000, 0x00000006c6300000|  0%| F|  |TS  0|AC  0|TAMS 0x00000006c6200000, 0x00000006c6200000|
|  65|0x00000006c6300000, 0x00000006c6300000, 0x00000006c6400000|  0%| F|  |TS  0|AC  0|TAMS 0x00000006c6300000, 0x00000006c6300000|
|  66|0x00000006c6400000, 0x00000006c6400000, 0x00000006c6500000|  0%| F|  |TS  0|AC  0|TAMS 0x00000006c6400000, 0x00000006c6400000|
|  67|0x00000006c6500000, 0x00000006c6500000, 0x00000006c6600000|  0%| F|  |TS  0|AC  0|TAMS 0x00000006c6500000, 0x00000006c6500000|
|  68|0x00000006c6600000, 0x00000006c6600000, 0x00000006c6700000|  0%| F|  |TS  0|AC  0|TAMS 0x00000006c6600000, 0x00000006c6600000|
|  69|0x00000006c6700000, 0x00000006c6700000, 0x00000006c6800000|  0%| F|  |TS  0|AC  0|TAMS 0x00000006c6700000, 0x00000006c6700000|
|  70|0x00000006c6800000, 0x00000006c6800000, 0x00000006c6900000|  0%| F|  |TS  0|AC  0|TAMS 0x00000006c6800000, 0x00000006c6800000|
|  71|0x00000006c6900000, 0x00000006c6900000, 0x00000006c6a00000|  0%| F|  |TS  0|AC  0|TAMS 0x00000006c6900000, 0x00000006c6900000|
|  72|0x00000006c6a00000, 0x00000006c6a00000, 0x00000006c6b00000|  0%| F|  |TS  0|AC  0|TAMS 0x00000006c6a00000, 0x00000006c6a00000|
|  73|0x00000006c6b00000, 0x00000006c6b00000, 0x00000006c6c00000|  0%| F|  |TS  0|AC  0|TAMS 0x00000006c6b00000, 0x00000006c6b00000|
|  74|0x00000006c6c00000, 0x00000006c6c00000, 0x00000006c6d00000|  0%| F|  |TS  0|AC  0|TAMS 0x00000006c6c00000, 0x00000006c6c00000|
|  75|0x00000006c6d00000, 0x00000006c6d00000, 0x00000006c6e00000|  0%| F|  |TS  0|AC  0|TAMS 0x00000006c6d00000, 0x00000006c6d00000|
|  76|0x00000006c6e00000, 0x00000006c6e00000, 0x00000006c6f00000|  0%| F|  |TS  0|AC  0|TAMS 0x00000006c6e00000, 0x00000006c6e00000|
|  77|0x00000006c6f00000, 0x00000006c6f00000, 0x00000006c7000000|  0%| F|  |TS  0|AC  0|TAMS 0x00000006c6f00000, 0x00000006c6f00000|
|  78|0x00000006c7000000, 0x00000006c7000000, 0x00000006c7100000|  0%| F|  |TS  0|AC  0|TAMS 0x00000006c7000000, 0x00000006c7000000|
|  79|0x00000006c7100000, 0x00000006c7100000, 0x00000006c7200000|  0%| F|  |TS  0|AC  0|TAMS 0x00000006c7100000, 0x00000006c7100000|
|  80|0x00000006c7200000, 0x00000006c7200000, 0x00000006c7300000|  0%| F|  |TS  0|AC  0|TAMS 0x00000006c7200000, 0x00000006c7200000|
|  81|0x00000006c7300000, 0x00000006c7300000, 0x00000006c7400000|  0%| F|  |TS  0|AC  0|TAMS 0x00000006c7300000, 0x00000006c7300000|
|  82|0x00000006c7400000, 0x00000006c7400000, 0x00000006c7500000|  0%| F|  |TS  0|AC  0|TAMS 0x00000006c7400000, 0x00000006c7400000|
|  83|0x00000006c7500000, 0x00000006c7500000, 0x00000006c7600000|  0%| F|  |TS  0|AC  0|TAMS 0x00000006c7500000, 0x00000006c7500000|
|  84|0x00000006c7600000, 0x00000006c7600000, 0x00000006c7700000|  0%| F|  |TS  0|AC  0|TAMS 0x00000006c7600000, 0x00000006c7600000|
|  85|0x00000006c7700000, 0x00000006c7700000, 0x00000006c7800000|  0%| F|  |TS  0|AC  0|TAMS 0x00000006c7700000, 0x00000006c7700000|
|  86|0x00000006c7800000, 0x00000006c7800000, 0x00000006c7900000|  0%| F|  |TS  0|AC  0|TAMS 0x00000006c7800000, 0x00000006c7800000|
|  87|0x00000006c7900000, 0x00000006c7900000, 0x00000006c7a00000|  0%| F|  |TS  0|AC  0|TAMS 0x00000006c7900000, 0x00000006c7900000|
|  88|0x00000006c7a00000, 0x00000006c7a00000, 0x00000006c7b00000|  0%| F|  |TS  0|AC  0|TAMS 0x00000006c7a00000, 0x00000006c7a00000|
|  89|0x00000006c7b00000, 0x00000006c7b00000, 0x00000006c7c00000|  0%| F|  |TS  0|AC  0|TAMS 0x00000006c7b00000, 0x00000006c7b00000|
|  90|0x00000006c7c00000, 0x00000006c7c00000, 0x00000006c7d00000|  0%| F|  |TS  0|AC  0|TAMS 0x00000006c7c00000, 0x00000006c7c00000|
|  91|0x00000006c7d00000, 0x00000006c7d00000, 0x00000006c7e00000|  0%| F|  |TS  0|AC  0|TAMS 0x00000006c7d00000, 0x00000006c7d00000|
|  92|0x00000006c7e00000, 0x00000006c7e00000, 0x00000006c7f00000|  0%| F|  |TS  0|AC  0|TAMS 0x00000006c7e00000, 0x00000006c7e00000|
|  93|0x00000006c7f00000, 0x00000006c7f00000, 0x00000006c8000000|  0%| F|  |TS  0|AC  0|TAMS 0x00000006c7f00000, 0x00000006c7f00000|
|  94|0x00000006c8000000, 0x00000006c8000000, 0x00000006c8100000|  0%| F|  |TS  0|AC  0|TAMS 0x00000006c8000000, 0x00000006c8000000|
|  95|0x00000006c8100000, 0x00000006c8100000, 0x00000006c8200000|  0%| F|  |TS  0|AC  0|TAMS 0x00000006c8100000, 0x00000006c8100000|
|  96|0x00000006c8200000, 0x00000006c8200000, 0x00000006c8300000|  0%| F|  |TS  0|AC  0|TAMS 0x00000006c8200000, 0x00000006c8200000|
|  97|0x00000006c8300000, 0x00000006c8300000, 0x00000006c8400000|  0%| F|  |TS  0|AC  0|TAMS 0x00000006c8300000, 0x00000006c8300000|
|  98|0x00000006c8400000, 0x00000006c8400000, 0x00000006c8500000|  0%| F|  |TS  0|AC  0|TAMS 0x00000006c8400000, 0x00000006c8400000|
|  99|0x00000006c8500000, 0x00000006c8500000, 0x00000006c8600000|  0%| F|  |TS  0|AC  0|TAMS 0x00000006c8500000, 0x00000006c8500000|
| 100|0x00000006c8600000, 0x00000006c8600000, 0x00000006c8700000|  0%| F|  |TS  0|AC  0|TAMS 0x00000006c8600000, 0x00000006c8600000|
| 101|0x00000006c8700000, 0x00000006c8700000, 0x00000006c8800000|  0%| F|  |TS  0|AC  0|TAMS 0x00000006c8700000, 0x00000006c8700000|
| 102|0x00000006c8800000, 0x00000006c8800000, 0x00000006c8900000|  0%| F|  |TS  0|AC  0|TAMS 0x00000006c8800000, 0x00000006c8800000|
| 103|0x00000006c8900000, 0x00000006c8900000, 0x00000006c8a00000|  0%| F|  |TS  0|AC  0|TAMS 0x00000006c8900000, 0x00000006c8900000|
| 104|0x00000006c8a00000, 0x00000006c8a00000, 0x00000006c8b00000|  0%| F|  |TS  0|AC  0|TAMS 0x00000006c8a00000, 0x00000006c8a00000|
| 105|0x00000006c8b00000, 0x00000006c8b00000, 0x00000006c8c00000|  0%| F|  |TS  0|AC  0|TAMS 0x00000006c8b00000, 0x00000006c8b00000|
| 106|0x00000006c8c00000, 0x00000006c8c00000, 0x00000006c8d00000|  0%| F|  |TS  0|AC  0|TAMS 0x00000006c8c00000, 0x00000006c8c00000|
| 107|0x00000006c8d00000, 0x00000006c8d00000, 0x00000006c8e00000|  0%| F|  |TS  0|AC  0|TAMS 0x00000006c8d00000, 0x00000006c8d00000|
| 108|0x00000006c8e00000, 0x00000006c8e00000, 0x00000006c8f00000|  0%| F|  |TS  0|AC  0|TAMS 0x00000006c8e00000, 0x00000006c8e00000|
| 109|0x00000006c8f00000, 0x00000006c8f00000, 0x00000006c9000000|  0%| F|  |TS  0|AC  0|TAMS 0x00000006c8f00000, 0x00000006c8f00000|
| 110|0x00000006c9000000, 0x00000006c9000000, 0x00000006c9100000|  0%| F|  |TS  0|AC  0|TAMS 0x00000006c9000000, 0x00000006c9000000|
| 111|0x00000006c9100000, 0x00000006c9100000, 0x00000006c9200000|  0%| F|  |TS  0|AC  0|TAMS 0x00000006c9100000, 0x00000006c9100000|
| 112|0x00000006c9200000, 0x00000006c9200000, 0x00000006c9300000|  0%| F|  |TS  0|AC  0|TAMS 0x00000006c9200000, 0x00000006c9200000|
| 113|0x00000006c9300000, 0x00000006c9300000, 0x00000006c9400000|  0%| F|  |TS  0|AC  0|TAMS 0x00000006c9300000, 0x00000006c9300000|
| 114|0x00000006c9400000, 0x00000006c9400000, 0x00000006c9500000|  0%| F|  |TS  0|AC  0|TAMS 0x00000006c9400000, 0x00000006c9400000|
| 115|0x00000006c9500000, 0x00000006c9500000, 0x00000006c9600000|  0%| F|  |TS  0|AC  0|TAMS 0x00000006c9500000, 0x00000006c9500000|
| 116|0x00000006c9600000, 0x00000006c9600000, 0x00000006c9700000|  0%| F|  |TS  0|AC  0|TAMS 0x00000006c9600000, 0x00000006c9600000|
| 117|0x00000006c9700000, 0x00000006c9700000, 0x00000006c9800000|  0%| F|  |TS  0|AC  0|TAMS 0x00000006c9700000, 0x00000006c9700000|
| 118|0x00000006c9800000, 0x00000006c9800000, 0x00000006c9900000|  0%| F|  |TS  0|AC  0|TAMS 0x00000006c9800000, 0x00000006c9800000|
| 119|0x00000006c9900000, 0x00000006c9900000, 0x00000006c9a00000|  0%| F|  |TS  0|AC  0|TAMS 0x00000006c9900000, 0x00000006c9900000|
| 120|0x00000006c9a00000, 0x00000006c9a00000, 0x00000006c9b00000|  0%| F|  |TS  0|AC  0|TAMS 0x00000006c9a00000, 0x00000006c9a00000|
| 121|0x00000006c9b00000, 0x00000006c9b00000, 0x00000006c9c00000|  0%| F|  |TS  0|AC  0|TAMS 0x00000006c9b00000, 0x00000006c9b00000|
| 122|0x00000006c9c00000, 0x00000006c9c00000, 0x00000006c9d00000|  0%| F|  |TS  0|AC  0|TAMS 0x00000006c9c00000, 0x00000006c9c00000|
| 123|0x00000006c9d00000, 0x00000006c9d00000, 0x00000006c9e00000|  0%| F|  |TS  0|AC  0|TAMS 0x00000006c9d00000, 0x00000006c9d00000|
| 124|0x00000006c9e00000, 0x00000006c9e00000, 0x00000006c9f00000|  0%| F|  |TS  0|AC  0|TAMS 0x00000006c9e00000, 0x00000006c9e00000|
| 125|0x00000006c9f00000, 0x00000006c9f00000, 0x00000006ca000000|  0%| F|  |TS  0|AC  0|TAMS 0x00000006c9f00000, 0x00000006c9f00000|
| 126|0x00000006ca000000, 0x00000006ca000000, 0x00000006ca100000|  0%| F|  |TS  0|AC  0|TAMS 0x00000006ca000000, 0x00000006ca000000|
| 127|0x00000006ca100000, 0x00000006ca100000, 0x00000006ca200000|  0%| F|  |TS  0|AC  0|TAMS 0x00000006ca100000, 0x00000006ca100000|
| 128|0x00000006ca200000, 0x00000006ca200000, 0x00000006ca300000|  0%| F|  |TS  0|AC  0|TAMS 0x00000006ca200000, 0x00000006ca200000|
| 129|0x00000006ca300000, 0x00000006ca300000, 0x00000006ca400000|  0%| F|  |TS  0|AC  0|TAMS 0x00000006ca300000, 0x00000006ca300000|
| 130|0x00000006ca400000, 0x00000006ca400000, 0x00000006ca500000|  0%| F|  |TS  0|AC  0|TAMS 0x00000006ca400000, 0x00000006ca400000|
| 131|0x00000006ca500000, 0x00000006ca500000, 0x00000006ca600000|  0%| F|  |TS  0|AC  0|TAMS 0x00000006ca500000, 0x00000006ca500000|
| 132|0x00000006ca600000, 0x00000006ca600000, 0x00000006ca700000|  0%| F|  |TS  0|AC  0|TAMS 0x00000006ca600000, 0x00000006ca600000|
| 133|0x00000006ca700000, 0x00000006ca700000, 0x00000006ca800000|  0%| F|  |TS  0|AC  0|TAMS 0x00000006ca700000, 0x00000006ca700000|
| 134|0x00000006ca800000, 0x00000006ca800000, 0x00000006ca900000|  0%| F|  |TS  0|AC  0|TAMS 0x00000006ca800000, 0x00000006ca800000|
| 135|0x00000006ca900000, 0x00000006ca900000, 0x00000006caa00000|  0%| F|  |TS  0|AC  0|TAMS 0x00000006ca900000, 0x00000006ca900000|
| 136|0x00000006caa00000, 0x00000006caa00000, 0x00000006cab00000|  0%| F|  |TS  0|AC  0|TAMS 0x00000006caa00000, 0x00000006caa00000|
| 137|0x00000006cab00000, 0x00000006cab00000, 0x00000006cac00000|  0%| F|  |TS  0|AC  0|TAMS 0x00000006cab00000, 0x00000006cab00000|
| 138|0x00000006cac00000, 0x00000006cac00000, 0x00000006cad00000|  0%| F|  |TS  0|AC  0|TAMS 0x00000006cac00000, 0x00000006cac00000|
| 139|0x00000006cad00000, 0x00000006cad00000, 0x00000006cae00000|  0%| F|  |TS  0|AC  0|TAMS 0x00000006cad00000, 0x00000006cad00000|
| 140|0x00000006cae00000, 0x00000006cae00000, 0x00000006caf00000|  0%| F|  |TS  0|AC  0|TAMS 0x00000006cae00000, 0x00000006cae00000|
| 141|0x00000006caf00000, 0x00000006caf00000, 0x00000006cb000000|  0%| F|  |TS  0|AC  0|TAMS 0x00000006caf00000, 0x00000006caf00000|
| 142|0x00000006cb000000, 0x00000006cb000000, 0x00000006cb100000|  0%| F|  |TS  0|AC  0|TAMS 0x00000006cb000000, 0x00000006cb000000|
| 143|0x00000006cb100000, 0x00000006cb100000, 0x00000006cb200000|  0%| F|  |TS  0|AC  0|TAMS 0x00000006cb100000, 0x00000006cb100000|
| 144|0x00000006cb200000, 0x00000006cb200000, 0x00000006cb300000|  0%| F|  |TS  0|AC  0|TAMS 0x00000006cb200000, 0x00000006cb200000|
| 145|0x00000006cb300000, 0x00000006cb300000, 0x00000006cb400000|  0%| F|  |TS  0|AC  0|TAMS 0x00000006cb300000, 0x00000006cb300000|
| 146|0x00000006cb400000, 0x00000006cb400000, 0x00000006cb500000|  0%| F|  |TS  0|AC  0|TAMS 0x00000006cb400000, 0x00000006cb400000|
| 147|0x00000006cb500000, 0x00000006cb500000, 0x00000006cb600000|  0%| F|  |TS  0|AC  0|TAMS 0x00000006cb500000, 0x00000006cb500000|
| 148|0x00000006cb600000, 0x00000006cb600000, 0x00000006cb700000|  0%| F|  |TS  0|AC  0|TAMS 0x00000006cb600000, 0x00000006cb600000|
| 149|0x00000006cb700000, 0x00000006cb700000, 0x00000006cb800000|  0%| F|  |TS  0|AC  0|TAMS 0x00000006cb700000, 0x00000006cb700000|
| 150|0x00000006cb800000, 0x00000006cb800000, 0x00000006cb900000|  0%| F|  |TS  0|AC  0|TAMS 0x00000006cb800000, 0x00000006cb800000|
| 151|0x00000006cb900000, 0x00000006cb900000, 0x00000006cba00000|  0%| F|  |TS  0|AC  0|TAMS 0x00000006cb900000, 0x00000006cb900000|
| 152|0x00000006cba00000, 0x00000006cba00000, 0x00000006cbb00000|  0%| F|  |TS  0|AC  0|TAMS 0x00000006cba00000, 0x00000006cba00000|
| 153|0x00000006cbb00000, 0x00000006cbb00000, 0x00000006cbc00000|  0%| F|  |TS  0|AC  0|TAMS 0x00000006cbb00000, 0x00000006cbb00000|
| 154|0x00000006cbc00000, 0x00000006cbc00000, 0x00000006cbd00000|  0%| F|  |TS  0|AC  0|TAMS 0x00000006cbc00000, 0x00000006cbc00000|
| 155|0x00000006cbd00000, 0x00000006cbd00000, 0x00000006cbe00000|  0%| F|  |TS  0|AC  0|TAMS 0x00000006cbd00000, 0x00000006cbd00000|
| 156|0x00000006cbe00000, 0x00000006cbe00000, 0x00000006cbf00000|  0%| F|  |TS  0|AC  0|TAMS 0x00000006cbe00000, 0x00000006cbe00000|
| 157|0x00000006cbf00000, 0x00000006cbf00000, 0x00000006cc000000|  0%| F|  |TS  0|AC  0|TAMS 0x00000006cbf00000, 0x00000006cbf00000|
| 158|0x00000006cc000000, 0x00000006cc000000, 0x00000006cc100000|  0%| F|  |TS  0|AC  0|TAMS 0x00000006cc000000, 0x00000006cc000000|
| 159|0x00000006cc100000, 0x00000006cc100000, 0x00000006cc200000|  0%| F|  |TS  0|AC  0|TAMS 0x00000006cc100000, 0x00000006cc100000|
| 160|0x00000006cc200000, 0x00000006cc200000, 0x00000006cc300000|  0%| F|  |TS  0|AC  0|TAMS 0x00000006cc200000, 0x00000006cc200000|
| 161|0x00000006cc300000, 0x00000006cc300000, 0x00000006cc400000|  0%| F|  |TS  0|AC  0|TAMS 0x00000006cc300000, 0x00000006cc300000|
| 162|0x00000006cc400000, 0x00000006cc400000, 0x00000006cc500000|  0%| F|  |TS  0|AC  0|TAMS 0x00000006cc400000, 0x00000006cc400000|
| 163|0x00000006cc500000, 0x00000006cc500000, 0x00000006cc600000|  0%| F|  |TS  0|AC  0|TAMS 0x00000006cc500000, 0x00000006cc500000|
| 164|0x00000006cc600000, 0x00000006cc600000, 0x00000006cc700000|  0%| F|  |TS  0|AC  0|TAMS 0x00000006cc600000, 0x00000006cc600000|
| 165|0x00000006cc700000, 0x00000006cc700000, 0x00000006cc800000|  0%| F|  |TS  0|AC  0|TAMS 0x00000006cc700000, 0x00000006cc700000|
| 166|0x00000006cc800000, 0x00000006cc800000, 0x00000006cc900000|  0%| F|  |TS  0|AC  0|TAMS 0x00000006cc800000, 0x00000006cc800000|
| 167|0x00000006cc900000, 0x00000006cc900000, 0x00000006cca00000|  0%| F|  |TS  0|AC  0|TAMS 0x00000006cc900000, 0x00000006cc900000|
| 168|0x00000006cca00000, 0x00000006cca00000, 0x00000006ccb00000|  0%| F|  |TS  0|AC  0|TAMS 0x00000006cca00000, 0x00000006cca00000|
| 169|0x00000006ccb00000, 0x00000006ccb00000, 0x00000006ccc00000|  0%| F|  |TS  0|AC  0|TAMS 0x00000006ccb00000, 0x00000006ccb00000|
| 170|0x00000006ccc00000, 0x00000006ccc00000, 0x00000006ccd00000|  0%| F|  |TS  0|AC  0|TAMS 0x00000006ccc00000, 0x00000006ccc00000|
| 171|0x00000006ccd00000, 0x00000006ccd00000, 0x00000006cce00000|  0%| F|  |TS  0|AC  0|TAMS 0x00000006ccd00000, 0x00000006ccd00000|
| 172|0x00000006cce00000, 0x00000006cce00000, 0x00000006ccf00000|  0%| F|  |TS  0|AC  0|TAMS 0x00000006cce00000, 0x00000006cce00000|
| 173|0x00000006ccf00000, 0x00000006ccf00000, 0x00000006cd000000|  0%| F|  |TS  0|AC  0|TAMS 0x00000006ccf00000, 0x00000006ccf00000|
| 174|0x00000006cd000000, 0x00000006cd000000, 0x00000006cd100000|  0%| F|  |TS  0|AC  0|TAMS 0x00000006cd000000, 0x00000006cd000000|
| 175|0x00000006cd100000, 0x00000006cd100000, 0x00000006cd200000|  0%| F|  |TS  0|AC  0|TAMS 0x00000006cd100000, 0x00000006cd100000|
| 176|0x00000006cd200000, 0x00000006cd200000, 0x00000006cd300000|  0%| F|  |TS  0|AC  0|TAMS 0x00000006cd200000, 0x00000006cd200000|
| 177|0x00000006cd300000, 0x00000006cd300000, 0x00000006cd400000|  0%| F|  |TS  0|AC  0|TAMS 0x00000006cd300000, 0x00000006cd300000|
| 178|0x00000006cd400000, 0x00000006cd400000, 0x00000006cd500000|  0%| F|  |TS  0|AC  0|TAMS 0x00000006cd400000, 0x00000006cd400000|
| 179|0x00000006cd500000, 0x00000006cd500000, 0x00000006cd600000|  0%| F|  |TS  0|AC  0|TAMS 0x00000006cd500000, 0x00000006cd500000|
| 180|0x00000006cd600000, 0x00000006cd600000, 0x00000006cd700000|  0%| F|  |TS  0|AC  0|TAMS 0x00000006cd600000, 0x00000006cd600000|
| 181|0x00000006cd700000, 0x00000006cd700000, 0x00000006cd800000|  0%| F|  |TS  0|AC  0|TAMS 0x00000006cd700000, 0x00000006cd700000|
| 182|0x00000006cd800000, 0x00000006cd800000, 0x00000006cd900000|  0%| F|  |TS  0|AC  0|TAMS 0x00000006cd800000, 0x00000006cd800000|
| 183|0x00000006cd900000, 0x00000006cd900000, 0x00000006cda00000|  0%| F|  |TS  0|AC  0|TAMS 0x00000006cd900000, 0x00000006cd900000|
| 184|0x00000006cda00000, 0x00000006cda00000, 0x00000006cdb00000|  0%| F|  |TS  0|AC  0|TAMS 0x00000006cda00000, 0x00000006cda00000|
| 185|0x00000006cdb00000, 0x00000006cdb00000, 0x00000006cdc00000|  0%| F|  |TS  0|AC  0|TAMS 0x00000006cdb00000, 0x00000006cdb00000|
| 186|0x00000006cdc00000, 0x00000006cdc00000, 0x00000006cdd00000|  0%| F|  |TS  0|AC  0|TAMS 0x00000006cdc00000, 0x00000006cdc00000|
| 187|0x00000006cdd00000, 0x00000006cdd00000, 0x00000006cde00000|  0%| F|  |TS  0|AC  0|TAMS 0x00000006cdd00000, 0x00000006cdd00000|
| 188|0x00000006cde00000, 0x00000006cde00000, 0x00000006cdf00000|  0%| F|  |TS  0|AC  0|TAMS 0x00000006cde00000, 0x00000006cde00000|
| 189|0x00000006cdf00000, 0x00000006cdf00000, 0x00000006ce000000|  0%| F|  |TS  0|AC  0|TAMS 0x00000006cdf00000, 0x00000006cdf00000|
| 190|0x00000006ce000000, 0x00000006ce000000, 0x00000006ce100000|  0%| F|  |TS  0|AC  0|TAMS 0x00000006ce000000, 0x00000006ce000000|
| 191|0x00000006ce100000, 0x00000006ce100000, 0x00000006ce200000|  0%| F|  |TS  0|AC  0|TAMS 0x00000006ce100000, 0x00000006ce100000|
| 192|0x00000006ce200000, 0x00000006ce200000, 0x00000006ce300000|  0%| F|  |TS  0|AC  0|TAMS 0x00000006ce200000, 0x00000006ce200000|
| 193|0x00000006ce300000, 0x00000006ce300000, 0x00000006ce400000|  0%| F|  |TS  0|AC  0|TAMS 0x00000006ce300000, 0x00000006ce300000|
| 194|0x00000006ce400000, 0x00000006ce400000, 0x00000006ce500000|  0%| F|  |TS  0|AC  0|TAMS 0x00000006ce400000, 0x00000006ce400000|
| 195|0x00000006ce500000, 0x00000006ce500000, 0x00000006ce600000|  0%| F|  |TS  0|AC  0|TAMS 0x00000006ce500000, 0x00000006ce500000|
| 196|0x00000006ce600000, 0x00000006ce600000, 0x00000006ce700000|  0%| F|  |TS  0|AC  0|TAMS 0x00000006ce600000, 0x00000006ce600000|
| 197|0x00000006ce700000, 0x00000006ce700000, 0x00000006ce800000|  0%| F|  |TS  0|AC  0|TAMS 0x00000006ce700000, 0x00000006ce700000|
| 198|0x00000006ce800000, 0x00000006ce800000, 0x00000006ce900000|  0%| F|  |TS  0|AC  0|TAMS 0x00000006ce800000, 0x00000006ce800000|
| 199|0x00000006ce900000, 0x00000006ce900000, 0x00000006cea00000|  0%| F|  |TS  0|AC  0|TAMS 0x00000006ce900000, 0x00000006ce900000|
| 200|0x00000006cea00000, 0x00000006cea00000, 0x00000006ceb00000|  0%| F|  |TS  0|AC  0|TAMS 0x00000006cea00000, 0x00000006cea00000|
| 201|0x00000006ceb00000, 0x00000006ceb00000, 0x00000006cec00000|  0%| F|  |TS  0|AC  0|TAMS 0x00000006ceb00000, 0x00000006ceb00000|
| 202|0x00000006cec00000, 0x00000006cec00000, 0x00000006ced00000|  0%| F|  |TS  0|AC  0|TAMS 0x00000006cec00000, 0x00000006cec00000|
| 203|0x00000006ced00000, 0x00000006ced00000, 0x00000006cee00000|  0%| F|  |TS  0|AC  0|TAMS 0x00000006ced00000, 0x00000006ced00000|
| 204|0x00000006cee00000, 0x00000006cee00000, 0x00000006cef00000|  0%| F|  |TS  0|AC  0|TAMS 0x00000006cee00000, 0x00000006cee00000|
| 205|0x00000006cef00000, 0x00000006cef00000, 0x00000006cf000000|  0%| F|  |TS  0|AC  0|TAMS 0x00000006cef00000, 0x00000006cef00000|
| 206|0x00000006cf000000, 0x00000006cf000000, 0x00000006cf100000|  0%| F|  |TS  0|AC  0|TAMS 0x00000006cf000000, 0x00000006cf000000|
| 207|0x00000006cf100000, 0x00000006cf100000, 0x00000006cf200000|  0%| F|  |TS  0|AC  0|TAMS 0x00000006cf100000, 0x00000006cf100000|
| 208|0x00000006cf200000, 0x00000006cf200000, 0x00000006cf300000|  0%| F|  |TS  0|AC  0|TAMS 0x00000006cf200000, 0x00000006cf200000|
| 209|0x00000006cf300000, 0x00000006cf300000, 0x00000006cf400000|  0%| F|  |TS  0|AC  0|TAMS 0x00000006cf300000, 0x00000006cf300000|
| 210|0x00000006cf400000, 0x00000006cf400000, 0x00000006cf500000|  0%| F|  |TS  0|AC  0|TAMS 0x00000006cf400000, 0x00000006cf400000|
| 211|0x00000006cf500000, 0x00000006cf500000, 0x00000006cf600000|  0%| F|  |TS  0|AC  0|TAMS 0x00000006cf500000, 0x00000006cf500000|
| 212|0x00000006cf600000, 0x00000006cf600000, 0x00000006cf700000|  0%| F|  |TS  0|AC  0|TAMS 0x00000006cf600000, 0x00000006cf600000|
| 213|0x00000006cf700000, 0x00000006cf700000, 0x00000006cf800000|  0%| F|  |TS  0|AC  0|TAMS 0x00000006cf700000, 0x00000006cf700000|
| 214|0x00000006cf800000, 0x00000006cf800000, 0x00000006cf900000|  0%| F|  |TS  0|AC  0|TAMS 0x00000006cf800000, 0x00000006cf800000|
| 215|0x00000006cf900000, 0x00000006cf900000, 0x00000006cfa00000|  0%| F|  |TS  0|AC  0|TAMS 0x00000006cf900000, 0x00000006cf900000|
| 216|0x00000006cfa00000, 0x00000006cfa00000, 0x00000006cfb00000|  0%| F|  |TS  0|AC  0|TAMS 0x00000006cfa00000, 0x00000006cfa00000|
| 217|0x00000006cfb00000, 0x00000006cfb00000, 0x00000006cfc00000|  0%| F|  |TS  0|AC  0|TAMS 0x00000006cfb00000, 0x00000006cfb00000|
| 218|0x00000006cfc00000, 0x00000006cfc00000, 0x00000006cfd00000|  0%| F|  |TS  0|AC  0|TAMS 0x00000006cfc00000, 0x00000006cfc00000|
| 219|0x00000006cfd00000, 0x00000006cfd00000, 0x00000006cfe00000|  0%| F|  |TS  0|AC  0|TAMS 0x00000006cfd00000, 0x00000006cfd00000|
| 220|0x00000006cfe00000, 0x00000006cfe00000, 0x00000006cff00000|  0%| F|  |TS  0|AC  0|TAMS 0x00000006cfe00000, 0x00000006cfe00000|
| 221|0x00000006cff00000, 0x00000006cff00000, 0x00000006d0000000|  0%| F|  |TS  0|AC  0|TAMS 0x00000006cff00000, 0x00000006cff00000|
| 222|0x00000006d0000000, 0x00000006d0000000, 0x00000006d0100000|  0%| F|  |TS  0|AC  0|TAMS 0x00000006d0000000, 0x00000006d0000000|
| 223|0x00000006d0100000, 0x00000006d0100000, 0x00000006d0200000|  0%| F|  |TS  0|AC  0|TAMS 0x00000006d0100000, 0x00000006d0100000|
| 224|0x00000006d0200000, 0x00000006d0200000, 0x00000006d0300000|  0%| F|  |TS  0|AC  0|TAMS 0x00000006d0200000, 0x00000006d0200000|
| 225|0x00000006d0300000, 0x00000006d0300000, 0x00000006d0400000|  0%| F|  |TS  0|AC  0|TAMS 0x00000006d0300000, 0x00000006d0300000|
| 226|0x00000006d0400000, 0x00000006d0400000, 0x00000006d0500000|  0%| F|  |TS  0|AC  0|TAMS 0x00000006d0400000, 0x00000006d0400000|
| 227|0x00000006d0500000, 0x00000006d0600000, 0x00000006d0600000|100%| S|CS|TS  1|AC  0|TAMS 0x00000006d0500000, 0x00000006d0500000|
| 228|0x00000006d0600000, 0x00000006d0700000, 0x00000006d0700000|100%| S|CS|TS  1|AC  0|TAMS 0x00000006d0600000, 0x00000006d0600000|
| 229|0x00000006d0700000, 0x00000006d0800000, 0x00000006d0800000|100%| S|CS|TS  1|AC  0|TAMS 0x00000006d0700000, 0x00000006d0700000|
| 230|0x00000006d0800000, 0x00000006d0800000, 0x00000006d0900000|  0%| F|  |TS  1|AC  0|TAMS 0x00000006d0800000, 0x00000006d0800000|
| 231|0x00000006d0900000, 0x00000006d0900000, 0x00000006d0a00000|  0%| F|  |TS  1|AC  0|TAMS 0x00000006d0900000, 0x00000006d0900000|
| 232|0x00000006d0a00000, 0x00000006d0a00000, 0x00000006d0b00000|  0%| F|  |TS  1|AC  0|TAMS 0x00000006d0a00000, 0x00000006d0a00000|
| 233|0x00000006d0b00000, 0x00000006d0b00000, 0x00000006d0c00000|  0%| F|  |TS  1|AC  0|TAMS 0x00000006d0b00000, 0x00000006d0b00000|
| 234|0x00000006d0c00000, 0x00000006d0c00000, 0x00000006d0d00000|  0%| F|  |TS  1|AC  0|TAMS 0x00000006d0c00000, 0x00000006d0c00000|
| 235|0x00000006d0d00000, 0x00000006d0d00000, 0x00000006d0e00000|  0%| F|  |TS  1|AC  0|TAMS 0x00000006d0d00000, 0x00000006d0d00000|
| 236|0x00000006d0e00000, 0x00000006d0e00000, 0x00000006d0f00000|  0%| F|  |TS  1|AC  0|TAMS 0x00000006d0e00000, 0x00000006d0e00000|
| 237|0x00000006d0f00000, 0x00000006d0f00000, 0x00000006d1000000|  0%| F|  |TS  1|AC  0|TAMS 0x00000006d0f00000, 0x00000006d0f00000|
| 238|0x00000006d1000000, 0x00000006d1000000, 0x00000006d1100000|  0%| F|  |TS  1|AC  0|TAMS 0x00000006d1000000, 0x00000006d1000000|
| 239|0x00000006d1100000, 0x00000006d1100000, 0x00000006d1200000|  0%| F|  |TS  1|AC  0|TAMS 0x00000006d1100000, 0x00000006d1100000|
| 240|0x00000006d1200000, 0x00000006d1200000, 0x00000006d1300000|  0%| F|  |TS  1|AC  0|TAMS 0x00000006d1200000, 0x00000006d1200000|
| 241|0x00000006d1300000, 0x00000006d1300000, 0x00000006d1400000|  0%| F|  |TS  1|AC  0|TAMS 0x00000006d1300000, 0x00000006d1300000|
| 242|0x00000006d1400000, 0x00000006d1400000, 0x00000006d1500000|  0%| F|  |TS  1|AC  0|TAMS 0x00000006d1400000, 0x00000006d1400000|
| 243|0x00000006d1500000, 0x00000006d1500000, 0x00000006d1600000|  0%| F|  |TS  1|AC  0|TAMS 0x00000006d1500000, 0x00000006d1500000|
| 244|0x00000006d1600000, 0x00000006d1600000, 0x00000006d1700000|  0%| F|  |TS  1|AC  0|TAMS 0x00000006d1600000, 0x00000006d1600000|
| 245|0x00000006d1700000, 0x00000006d1800000, 0x00000006d1800000|100%| E|  |TS  1|AC  0|TAMS 0x00000006d1700000, 0x00000006d1700000|
| 246|0x00000006d1800000, 0x00000006d1900000, 0x00000006d1900000|100%| E|CS|TS  1|AC  0|TAMS 0x00000006d1800000, 0x00000006d1800000|
| 247|0x00000006d1900000, 0x00000006d1a00000, 0x00000006d1a00000|100%| E|CS|TS  1|AC  0|TAMS 0x00000006d1900000, 0x00000006d1900000|
| 248|0x00000006d1a00000, 0x00000006d1b00000, 0x00000006d1b00000|100%| E|CS|TS  1|AC  0|TAMS 0x00000006d1a00000, 0x00000006d1a00000|
| 249|0x00000006d1b00000, 0x00000006d1c00000, 0x00000006d1c00000|100%| E|CS|TS  1|AC  0|TAMS 0x00000006d1b00000, 0x00000006d1b00000|
| 250|0x00000006d1c00000, 0x00000006d1d00000, 0x00000006d1d00000|100%| E|CS|TS  1|AC  0|TAMS 0x00000006d1c00000, 0x00000006d1c00000|
| 251|0x00000006d1d00000, 0x00000006d1e00000, 0x00000006d1e00000|100%| E|CS|TS  1|AC  0|TAMS 0x00000006d1d00000, 0x00000006d1d00000|
| 252|0x00000006d1e00000, 0x00000006d1f00000, 0x00000006d1f00000|100%| E|CS|TS  1|AC  0|TAMS 0x00000006d1e00000, 0x00000006d1e00000|
| 253|0x00000006d1f00000, 0x00000006d2000000, 0x00000006d2000000|100%| E|CS|TS  1|AC  0|TAMS 0x00000006d1f00000, 0x00000006d1f00000|

Card table byte_map: [0x000001e0acc50000,0x000001e0ad440000] byte_map_base: 0x000001e0a963f000

Marking Bits (Prev, Next): (CMBitMap*) 0x000001e09037b7e0, (CMBitMap*) 0x000001e09037b818
 Prev Bits: [0x000001e0adc30000, 0x000001e0b1ba8000)
 Next Bits: [0x000001e0b1bb0000, 0x000001e0b5b28000)

Polling page: 0x000001e08e0e0000

CodeHeap 'non-profiled nmethods': size=120000Kb used=560Kb max_used=560Kb free=119439Kb
 bounds [0x000001e0a3dd0000, 0x000001e0a4040000, 0x000001e0ab300000]
CodeHeap 'profiled nmethods': size=120000Kb used=1843Kb max_used=1843Kb free=118156Kb
 bounds [0x000001e09c8a0000, 0x000001e09cb10000, 0x000001e0a3dd0000]
CodeHeap 'non-nmethods': size=5760Kb used=1206Kb max_used=1266Kb free=4554Kb
 bounds [0x000001e09c300000, 0x000001e09c570000, 0x000001e09c8a0000]
 total_blobs=1557 nmethods=888 adapters=268
 compilation: enabled

Compilation events (10 events):
Event: 0.884 Thread 0x000001e0b9018000 nmethod 882 0x000001e09ca6b190 code [0x000001e09ca6b3e0, 0x000001e09ca6ba60]
Event: 0.884 Thread 0x000001e0b9018000  885       3       jdk.internal.org.objectweb.asm.MethodWriter::visitTypeInsn (110 bytes)
Event: 0.885 Thread 0x000001e0b9018000 nmethod 885 0x000001e09ca6be10 code [0x000001e09ca6c000, 0x000001e09ca6c450]
Event: 0.885 Thread 0x000001e0b9018000  888       3       java.lang.invoke.LambdaForm$BasicType::basicTypeChar (8 bytes)
Event: 0.885 Thread 0x000001e0b9018000 nmethod 888 0x000001e09ca6c690 code [0x000001e09ca6c860, 0x000001e09ca6cc80]
Event: 0.910 Thread 0x000001e0b9014000 nmethod 843 0x000001e0a3e36790 code [0x000001e0a3e36ae0, 0x000001e0a3e38560]
Event: 0.910 Thread 0x000001e0b9014000  853       4       java.lang.invoke.LambdaForm$Name::useCount (42 bytes)
Event: 0.912 Thread 0x000001e0b9014000 nmethod 853 0x000001e0a3e39390 code [0x000001e0a3e39520, 0x000001e0a3e395f8]
Event: 1.222 Thread 0x000001e0b9015800 nmethod 792% 0x000001e0a3e39710 code [0x000001e0a3e39c40, 0x000001e0a3e439a8]
Event: 1.297 Thread 0x000001e0b9014800 nmethod 753% 0x000001e0a3e47290 code [0x000001e0a3e47980, 0x000001e0a3e55cd0]

GC Heap History (2 events):
Event: 0.695 GC heap before
{Heap before GC invocations=0 (full 0):
 garbage-first heap   total 260096K, used 24576K [0x00000006c2200000, 0x00000006c23007f0, 0x00000007c0000000)
  region size 1024K, 24 young (24576K), 0 survivors (0K)
 Metaspace       used 6941K, capacity 7242K, committed 7424K, reserved 1056768K
  class space    used 615K, capacity 671K, committed 768K, reserved 1048576K
}
Event: 0.704 GC heap after
{Heap after GC invocations=1 (full 0):
 garbage-first heap   total 260096K, used 3253K [0x00000006c2200000, 0x00000006c23007f0, 0x00000007c0000000)
  region size 1024K, 3 young (3072K), 3 survivors (3072K)
 Metaspace       used 6941K, capacity 7242K, committed 7424K, reserved 1056768K
  class space    used 615K, capacity 671K, committed 768K, reserved 1048576K
}

Deoptimization events (8 events):
Event: 0.276 Thread 0x000001e0902cf000 Uncommon trap: reason=unstable_if action=reinterpret pc=0x000001e0a3dd5204 method=java.lang.String.hashCode()I @ 22 c2
Event: 0.392 Thread 0x000001e0902cf000 Uncommon trap: reason=unstable_if action=reinterpret pc=0x000001e0a3e006e8 method=java.lang.String.substring(II)Ljava/lang/String; @ 22 c2
Event: 0.419 Thread 0x000001e0902cf000 Uncommon trap: reason=unstable_if action=reinterpret pc=0x000001e0a3de7fac method=java.util.HashMap.putVal(ILjava/lang/Object;Ljava/lang/Object;ZZ)Ljava/lang/Object; @ 81 c2
Event: 0.419 Thread 0x000001e0902cf000 Uncommon trap: reason=unstable_if action=reinterpret pc=0x000001e0a3df561c method=java.util.HashMap.putVal(ILjava/lang/Object;Ljava/lang/Object;ZZ)Ljava/lang/Object; @ 81 c2
Event: 0.433 Thread 0x000001e0902cf000 Uncommon trap: reason=unstable_if action=reinterpret pc=0x000001e0a3e05b28 method=java.lang.String.equals(Ljava/lang/Object;)Z @ 27 c2
Event: 0.526 Thread 0x000001e0902cf000 Uncommon trap: reason=unstable_if action=reinterpret pc=0x000001e0a3e12f44 method=java.util.LinkedList$ListItr.<init>(Ljava/util/LinkedList;I)V @ 26 c2
Event: 0.527 Thread 0x000001e0902cf000 Uncommon trap: reason=unstable_if action=reinterpret pc=0x000001e0a3e13d34 method=java.util.LinkedList$ListItr.<init>(Ljava/util/LinkedList;I)V @ 26 c2
Event: 0.527 Thread 0x000001e0902cf000 Uncommon trap: reason=unstable_if action=reinterpret pc=0x000001e0a3e14570 method=java.util.LinkedList$ListItr.<init>(Ljava/util/LinkedList;I)V @ 26 c2

Classes redefined (2 events):
Event: 120.428 Thread 0x000001e0b87b1800 redefined class name=Predict, count=1
Event: 239.821 Thread 0x000001e0b87b1800 redefined class name=Predict, count=2

Internal exceptions (10 events):
Event: 0.241 Thread 0x000001e0902cf000 Exception <a 'java/lang/NoSuchMethodError'{0x00000006d1d603f8}: java.lang.Object.lambda$and$0(Ljava/util/regex/Pattern$CharPredicate;I)Z> (0x00000006d1d603f8) thrown at [t:/workspace/hotspot/src/share/vm/interpreter/linkResolver.cpp, line 731]
Event: 0.850 Thread 0x000001e0902cf000 Exception <a 'java/lang/NoSuchMethodError'{0x00000006d181b590}: method resolution failed> (0x00000006d181b590) thrown at [t:/workspace/hotspot/src/share/vm/prims/methodHandles.cpp, line 1256]
Event: 0.853 Thread 0x000001e0902cf000 Exception <a 'java/lang/NoSuchMethodError'{0x00000006d182be48}: method resolution failed> (0x00000006d182be48) thrown at [t:/workspace/hotspot/src/share/vm/prims/methodHandles.cpp, line 1256]
Event: 0.861 Thread 0x000001e0902cf000 Exception <a 'java/lang/NoSuchMethodError'{0x00000006d183b7e0}: java.lang.invoke.DirectMethodHandle$Holder.invokeSpecial(Ljava/lang/Object;Ljava/lang/Object;IILjava/lang/Object;Ljava/lang/Object;Ljava/lang/Object;)Ljava/lang/Object;> (0x00000006d183b7e0) 
Event: 0.862 Thread 0x000001e0902cf000 Exception <a 'java/lang/NoSuchMethodError'{0x00000006d183edf8}: java.lang.invoke.DelegatingMethodHandle$Holder.reinvoke_L(Ljava/lang/Object;IILjava/lang/Object;Ljava/lang/Object;Ljava/lang/Object;)Ljava/lang/Object;> (0x00000006d183edf8) thrown at [t:/wor
Event: 0.865 Thread 0x000001e0902cf000 Exception <a 'java/lang/NoSuchMethodError'{0x00000006d1843748}: method resolution failed> (0x00000006d1843748) thrown at [t:/workspace/hotspot/src/share/vm/prims/methodHandles.cpp, line 1256]
Event: 0.870 Thread 0x000001e0902cf000 Exception <a 'java/lang/NoSuchMethodError'{0x00000006d1858088}: method resolution failed> (0x00000006d1858088) thrown at [t:/workspace/hotspot/src/share/vm/prims/methodHandles.cpp, line 1256]
Event: 0.875 Thread 0x000001e0902cf000 Exception <a 'java/lang/NoSuchMethodError'{0x00000006d186d480}: method resolution failed> (0x00000006d186d480) thrown at [t:/workspace/hotspot/src/share/vm/prims/methodHandles.cpp, line 1256]
Event: 0.879 Thread 0x000001e0902cf000 Exception <a 'java/lang/NoSuchMethodError'{0x00000006d17040b8}: method resolution failed> (0x00000006d17040b8) thrown at [t:/workspace/hotspot/src/share/vm/prims/methodHandles.cpp, line 1256]
Event: 0.882 Thread 0x000001e0902cf000 Exception <a 'java/lang/NoSuchMethodError'{0x00000006d171c890}: method resolution failed> (0x00000006d171c890) thrown at [t:/workspace/hotspot/src/share/vm/prims/methodHandles.cpp, line 1256]

Events (10 events):
Event: 239.824 Executing VM operation: GetFrameLocation done
Event: 239.824 Executing VM operation: GetOrSetLocal
Event: 239.824 Executing VM operation: GetOrSetLocal done
Event: 239.864 Executing VM operation: ChangeBreakpoints
Event: 239.865 Executing VM operation: ChangeBreakpoints done
Event: 239.873 Executing VM operation: GetFrameCount
Event: 239.873 Executing VM operation: GetFrameCount done
Event: 239.874 Executing VM operation: GetFrameLocation
Event: 239.874 Executing VM operation: GetFrameLocation done
Event: 239.901 Executing VM operation: GetOrSetLocal


Dynamic libraries:
0x00007ff7fef80000 - 0x00007ff7fefbe000 	C:\Program Files\Java\jdk-9.0.4\bin\java.exe
0x00007ff92dd20000 - 0x00007ff92df00000 	C:\WINDOWS\SYSTEM32\ntdll.dll
0x00007ff92ba50000 - 0x00007ff92bafe000 	C:\WINDOWS\System32\KERNEL32.DLL
0x00007ff92a3f0000 - 0x00007ff92a656000 	C:\WINDOWS\System32\KERNELBASE.dll
0x00007ff92bdf0000 - 0x00007ff92be91000 	C:\WINDOWS\System32\ADVAPI32.dll
0x00007ff92c1e0000 - 0x00007ff92c27d000 	C:\WINDOWS\System32\msvcrt.dll
0x00007ff92b380000 - 0x00007ff92b3db000 	C:\WINDOWS\System32\sechost.dll
0x00007ff92bea0000 - 0x00007ff92bfbf000 	C:\WINDOWS\System32\RPCRT4.dll
0x00007ff92b1f0000 - 0x00007ff92b37f000 	C:\WINDOWS\System32\USER32.dll
0x00007ff92b1d0000 - 0x00007ff92b1f0000 	C:\WINDOWS\System32\win32u.dll
0x00007ff92c440000 - 0x00007ff92c468000 	C:\WINDOWS\System32\GDI32.dll
0x00007ff92a660000 - 0x00007ff92a7f3000 	C:\WINDOWS\System32\gdi32full.dll
0x00007ff92a800000 - 0x00007ff92a89b000 	C:\WINDOWS\System32\msvcp_win.dll
0x00007ff92a8a0000 - 0x00007ff92a996000 	C:\WINDOWS\System32\ucrtbase.dll
0x00007ff918c90000 - 0x00007ff918ef9000 	C:\WINDOWS\WinSxS\amd64_microsoft.windows.common-controls_6595b64144ccf1df_6.0.16299.192_none_15c8cdae9364c23b\COMCTL32.dll
0x00007ff91b110000 - 0x00007ff91b11a000 	C:\WINDOWS\SYSTEM32\VERSION.dll
0x00007ff92d950000 - 0x00007ff92dc58000 	C:\WINDOWS\System32\combase.dll
0x00007ff92aa00000 - 0x00007ff92aa72000 	C:\WINDOWS\System32\bcryptPrimitives.dll
0x00007ff92ba20000 - 0x00007ff92ba4d000 	C:\WINDOWS\System32\IMM32.DLL
0x00007ff910440000 - 0x00007ff91052f000 	C:\Program Files\Java\jdk-9.0.4\bin\msvcr120.dll
0x00007ff910390000 - 0x00007ff910436000 	C:\Program Files\Java\jdk-9.0.4\bin\msvcp120.dll
0x00000000649e0000 - 0x0000000065405000 	C:\Program Files\Java\jdk-9.0.4\bin\server\jvm.dll
0x00007ff92dc60000 - 0x00007ff92dc68000 	C:\WINDOWS\System32\PSAPI.DLL
0x00007ff91bb90000 - 0x00007ff91bb99000 	C:\WINDOWS\SYSTEM32\WSOCK32.dll
0x00007ff925660000 - 0x00007ff925683000 	C:\WINDOWS\SYSTEM32\WINMM.dll
0x00007ff92dc70000 - 0x00007ff92dcdc000 	C:\WINDOWS\System32\WS2_32.dll
0x00007ff9255b0000 - 0x00007ff9255da000 	C:\WINDOWS\SYSTEM32\WINMMBASE.dll
0x00007ff92a1d0000 - 0x00007ff92a21a000 	C:\WINDOWS\System32\cfgmgr32.dll
0x00007ff926d10000 - 0x00007ff926d1f000 	C:\Program Files\Java\jdk-9.0.4\bin\verify.dll
0x00007ff926bb0000 - 0x00007ff926bd7000 	C:\Program Files\Java\jdk-9.0.4\bin\java.dll
0x00007ff910350000 - 0x00007ff910386000 	C:\Program Files\Java\jdk-9.0.4\bin\jdwp.dll
0x00007ff9254a0000 - 0x00007ff9254b6000 	C:\Program Files\Java\jdk-9.0.4\bin\zip.dll
0x00007ff926b80000 - 0x00007ff926b8a000 	C:\Program Files\Java\jdk-9.0.4\bin\jimage.dll
0x00007ff92c510000 - 0x00007ff92d946000 	C:\WINDOWS\System32\SHELL32.dll
0x00007ff92bfc0000 - 0x00007ff92c066000 	C:\WINDOWS\System32\shcore.dll
0x00007ff92aa80000 - 0x00007ff92b1c7000 	C:\WINDOWS\System32\windows.storage.dll
0x00007ff92b440000 - 0x00007ff92b491000 	C:\WINDOWS\System32\shlwapi.dll
0x00007ff92a070000 - 0x00007ff92a081000 	C:\WINDOWS\System32\kernel.appcore.dll
0x00007ff92a0d0000 - 0x00007ff92a11c000 	C:\WINDOWS\System32\powrprof.dll
0x00007ff92a090000 - 0x00007ff92a0ab000 	C:\WINDOWS\System32\profapi.dll
0x00007ff925300000 - 0x00007ff92531a000 	C:\Program Files\Java\jdk-9.0.4\bin\net.dll
0x00007ff925cf0000 - 0x00007ff925dce000 	C:\WINDOWS\SYSTEM32\WINHTTP.dll
0x00007ff929900000 - 0x00007ff929966000 	C:\WINDOWS\system32\mswsock.dll
0x00007ff913320000 - 0x00007ff913331000 	C:\Program Files\Java\jdk-9.0.4\bin\nio.dll
0x00007ff926b60000 - 0x00007ff926b6a000 	C:\Program Files\Java\jdk-9.0.4\bin\dt_socket.dll
0x00007ff928b40000 - 0x00007ff928d08000 	C:\WINDOWS\SYSTEM32\dbghelp.dll

VM Arguments:
jvm_args: -agentlib:jdwp=transport=dt_socket,address=127.0.0.1:60176,suspend=y,server=n -Dfile.encoding=UTF-8 
java_command: CollectData
java_class_path (initial): C:\Users\kbasa\IdeaProjects\Decision Tree\out\production\Decision Tree;C:\Program Files\JetBrains\IntelliJ IDEA Community Edition 2017.3.3\lib\idea_rt.jar
Launcher Type: SUN_STANDARD

Logging:
Log output configuration:
#0: stdout all=warning uptime,level,tags
#1: stderr all=off uptime,level,tags

Environment Variables:
JAVA_HOME=C:\Program Files\Java\jdk-9.0.4
PATH=C:\Program Files (x86)\Intel\iCLS Client\;C:\Program Files\Intel\iCLS Client\;C:\WINDOWS\system32;C:\WINDOWS;C:\WINDOWS\System32\Wbem;C:\WINDOWS\System32\WindowsPowerShell\v1.0\;C:\Program Files (x86)\Intel\Intel(R) Management Engine Components\DAL;C:\Program Files\Intel\Intel(R) Management Engine Components\DAL;C:\Program Files (x86)\Intel\Intel(R) Management Engine Components\IPT;C:\Program Files\Intel\Intel(R) Management Engine Components\IPT;C:\Program Files\Intel\WiFi\bin\;C:\Program Files\Common Files\Intel\WirelessCommon\;C:\Users\kbasa\AppData\Local\Android\Sdk\platform-tools;C:\Program Files\Java\jdk-9.0.4\bin;;C:\Program Files (x86)\PharosSystems\Core;C:\Users\kbasa\AppData\Local\Microsoft\WindowsApps;C:\Users\kbasa\AppData\Roaming\Dashlane\5.3.2.14186\bin\Firefox_Extension\{442718d9-475e-452a-b3e1-fb1ee16b8e9f}\components;C:\Users\kbasa\AppData\Roaming\Dashlane\5.3.2.14186\ucrt;C:\Users\kbasa\AppData\Local\GitHubDesktop\bin
USERNAME=kbasa
OS=Windows_NT
PROCESSOR_IDENTIFIER=Intel64 Family 6 Model 142 Stepping 10, GenuineIntel



---------------  S Y S T E M  ---------------

OS: Windows 10 , 64 bit Build 16299 (10.0.16299.15)

CPU:total 8 (initial active 8) (4 cores per cpu, 2 threads per core) family 6 model 142 stepping 10, cmov, cx8, fxsr, mmx, sse, sse2, sse3, ssse3, sse4.1, sse4.2, popcnt, avx, avx2, aes, clmul, erms, 3dnowpref, lzcnt, ht, tsc, tscinvbit, bmi1, bmi2, adx, fma

Memory: 4k page, physical 16630748k(9516744k free), swap 19121116k(7995968k free)

vm_info: Java HotSpot(TM) 64-Bit Server VM (9.0.4+11) for windows-amd64 JRE (9.0.4+11), built on Dec 20 2017 02:18:54 by "mach5one" with MS VC++ 12.0 (VS2013)

END.
